<?xml version="1.0" encoding="UTF-8"?>
<testsuite xmlns:xsi="http://www.w3.org/2001/XMLSchema-instance" xsi:noNamespaceSchemaLocation="https://maven.apache.org/surefire/maven-surefire-plugin/xsd/surefire-test-report-3.0.xsd" version="3.0" name="com.example.usermanagement.controller.UserControllerTest" time="6.255" tests="8" errors="0" skipped="0" failures="0">
  <properties>
[...]
</properties>
  <testcase name="testGetUserNotFound" classname="com.example.usermanagement.controller.UserControllerTest" time="1.541">
    <system-out><![CDATA[23:44:11.961 [main] INFO org.springframework.test.context.support.AnnotationConfigContextLoaderUtils -- Could not detect default configuration classes for test class [com.example.usermanagement.controller.UserControllerTest]: UserControllerTest does not declare any static, non-private, non-final, nested classes annotated with @Configuration.
23:44:12.387 [main] INFO org.springframework.boot.test.context.SpringBootTestContextBootstrapper -- Found @SpringBootConfiguration com.example.usermanagement.UserManagementApplication for test class com.example.usermanagement.controller.UserControllerTest

  .   ____          _            __ _ _
 /\\ / ___'_ __ _ _(_)_ __  __ _ \ \ \ \
( ( )\___ | '_ | '_| | '_ \/ _` | \ \ \ \
 \\/  ___)| |_)| | | | | || (_| |  ) ) ) )
  '  |____| .__|_| |_|_| |_\__, | / / / /
 =========|_|==============|___/=/_/_/_/
 :: Spring Boot ::                (v3.2.0)

2025-07-25T23:44:13.096+02:00  INFO 30204 --- [           main] c.e.u.controller.UserControllerTest      : Starting UserControllerTest using Java 17.0.2 with PID 30204 (started by thraa in C:\Users\thraa\github\java-demo-app)
2025-07-25T23:44:13.096+02:00 DEBUG 30204 --- [           main] c.e.u.controller.UserControllerTest      : Running with Spring Boot v3.2.0, Spring v6.1.1
2025-07-25T23:44:13.096+02:00  INFO 30204 --- [           main] c.e.u.controller.UserControllerTest      : No active profile set, falling back to 1 default profile: "default"
2025-07-25T23:44:15.786+02:00  INFO 30204 --- [           main] o.s.b.t.m.w.SpringBootMockServletContext : Initializing Spring TestDispatcherServlet ''
2025-07-25T23:44:15.786+02:00  INFO 30204 --- [           main] o.s.t.web.servlet.TestDispatcherServlet  : Initializing Servlet ''
2025-07-25T23:44:15.801+02:00  INFO 30204 --- [           main] o.s.t.web.servlet.TestDispatcherServlet  : Completed initialization in 0 ms
2025-07-25T23:44:15.834+02:00  INFO 30204 --- [           main] c.e.u.controller.UserControllerTest      : Started UserControllerTest in 3.105 seconds (process running for 5.571)
]]></system-out>
  </testcase>
  <testcase name="testGetSingleUser" classname="com.example.usermanagement.controller.UserControllerTest" time="0.045"/>
  <testcase name="testGetAllUsers" classname="com.example.usermanagement.controller.UserControllerTest" time="0.007"/>
  <testcase name="testUpdateUser" classname="com.example.usermanagement.controller.UserControllerTest" time="0.07"/>
  <testcase name="testCreateUserInvalid" classname="com.example.usermanagement.controller.UserControllerTest" time="0.062">
    <system-out><![CDATA[2025-07-25T23:44:17.620+02:00  WARN 30204 --- [           main] .w.s.m.s.DefaultHandlerExceptionResolver : Resolved [org.springframework.web.bind.MethodArgumentNotValidException: Validation failed for argument [0] in public org.springframework.http.ResponseEntity<?> com.example.usermanagement.controller.UserController.createUser(com.example.usermanagement.model.User): [Field error in object 'user' on field 'email': rejected value [null]; codes [NotBlank.user.email,NotBlank.email,NotBlank.java.lang.String,NotBlank]; arguments [org.springframework.context.support.DefaultMessageSourceResolvable: codes [user.email,email]; arguments []; default message [email]]; default message [Email is required]] ]
]]></system-out>
  </testcase>
  <testcase name="testCreateUser" classname="com.example.usermanagement.controller.UserControllerTest" time="0.024"/>
  <testcase name="testDeleteUser" classname="com.example.usermanagement.controller.UserControllerTest" time="0.006"/>
  <testcase name="testDeleteNonexistentUser" classname="com.example.usermanagement.controller.UserControllerTest" time="0.0"/>
</testsuite>